Building DAG of jobs...
Using shell: /usr/bin/bash
Provided cores: 1
Rules claiming more threads will be scaled down.
Job counts:
	count	jobs
	1	all
	1	format_sra_table
	1	merge_raw
	3

[Mon Jun  8 14:53:07 2020]
rule merge_raw:
    input: metadata/SRR521286_sra_run_info.txt, metadata/SRR521288_sra_run_info.txt, metadata/SRR521289_sra_run_info.txt, metadata/SRR521290_sra_run_info.txt, metadata/SRR629516_sra_run_info.txt, metadata/SRR629507_sra_run_info.txt, metadata/SRR629504_sra_run_info.txt, metadata/SRR629513_sra_run_info.txt, metadata/SRR629506_sra_run_info.txt, metadata/SRR924150_sra_run_info.txt, metadata/SRR1105786_sra_run_info.txt, metadata/SRR1045112_sra_run_info.txt, metadata/SRR2135514_sra_run_info.txt, metadata/SRR2135515_sra_run_info.txt, metadata/SRR2135010_sra_run_info.txt, metadata/SRR1802196_sra_run_info.txt, metadata/SRR1802199_sra_run_info.txt, metadata/SRR1802200_sra_run_info.txt, metadata/SRR1802194_sra_run_info.txt, metadata/SRR1802198_sra_run_info.txt, metadata/SRR1802197_sra_run_info.txt, metadata/SRR1802195_sra_run_info.txt, metadata/SRR1802201_sra_run_info.txt, metadata/SRR1919292_sra_run_info.txt, metadata/SRR1919293_sra_run_info.txt, metadata/SRR1919291_sra_run_info.txt, metadata/SRR1919290_sra_run_info.txt, metadata/SRR1919294_sra_run_info.txt, metadata/SRR1919295_sra_run_info.txt, metadata/SRR1919301_sra_run_info.txt, metadata/SRR1919302_sra_run_info.txt, metadata/SRR1919299_sra_run_info.txt, metadata/SRR1919305_sra_run_info.txt, metadata/SRR1919303_sra_run_info.txt, metadata/SRR1919300_sra_run_info.txt, metadata/SRR1919296_sra_run_info.txt, metadata/SRR1919297_sra_run_info.txt, metadata/SRR1919304_sra_run_info.txt, metadata/SRR1919298_sra_run_info.txt, metadata/SRR1943296_sra_run_info.txt, metadata/SRR3997524_sra_run_info.txt, metadata/SRR3997523_sra_run_info.txt, metadata/SRR3997522_sra_run_info.txt, metadata/SRR3997521_sra_run_info.txt, metadata/SRR3997520_sra_run_info.txt, metadata/SRR3997519_sra_run_info.txt, metadata/SRR3997518_sra_run_info.txt, metadata/SRR3997517_sra_run_info.txt, metadata/SRR3997516_sra_run_info.txt, metadata/SRR3997525_sra_run_info.txt, metadata/SRR4421124_sra_run_info.txt, metadata/SRR4421123_sra_run_info.txt, metadata/SRR4421122_sra_run_info.txt, metadata/SRR4421125_sra_run_info.txt, metadata/SRR4421121_sra_run_info.txt, metadata/SRR4421120_sra_run_info.txt, metadata/SRR5150034_sra_run_info.txt, metadata/SRR5150023_sra_run_info.txt, metadata/SRR5150028_sra_run_info.txt, metadata/SRR5150026_sra_run_info.txt, metadata/SRR5150025_sra_run_info.txt, metadata/SRR5150033_sra_run_info.txt, metadata/SRR5150037_sra_run_info.txt, metadata/SRR5150039_sra_run_info.txt, metadata/SRR5150032_sra_run_info.txt, metadata/SRR5150024_sra_run_info.txt, metadata/SRR5150035_sra_run_info.txt, metadata/SRR5150027_sra_run_info.txt, metadata/SRR5150031_sra_run_info.txt, metadata/SRR5150040_sra_run_info.txt, metadata/SRR5150030_sra_run_info.txt, metadata/SRR5150036_sra_run_info.txt, metadata/SRR5150029_sra_run_info.txt, metadata/SRR5150038_sra_run_info.txt
    output: metadata/all_run_info.txt
    jobid: 2

[Mon Jun  8 14:53:07 2020]
Finished job 2.
1 of 3 steps (33%) done

[Mon Jun  8 14:53:07 2020]
rule format_sra_table:
    input: metadata/all_run_info.txt
    output: metadata/merge.txt
    jobid: 1

[Mon Jun  8 14:53:07 2020]
Finished job 1.
2 of 3 steps (67%) done

[Mon Jun  8 14:53:07 2020]
localrule all:
    input: metadata/merge.txt
    jobid: 0

[Mon Jun  8 14:53:07 2020]
Finished job 0.
3 of 3 steps (100%) done
Complete log: /local/workdir/jcf236/snakemake_SRA_metadata_fetch/.snakemake/log/2020-06-08T145306.929921.snakemake.log
