Building DAG of jobs...
Creating conda environment envs/NCBI_edirect.yml...
Downloading remote packages.
Environment for envs/NCBI_edirect.yml created (location: .snakemake/conda/84b3cd13)
Using shell: /usr/bin/bash
Provided cores: 1
Rules claiming more threads will be scaled down.
Job counts:
	count	jobs
	1	all
	1	combine_sra_table
	2	format_sra_table
	2	get_sra_table
	6

[Mon Jun  8 11:10:44 2020]
rule get_sra_table:
    output: metadata/SRR521286_sra_run_info.txt
    jobid: 4
    wildcards: project=SRR521286

Activating conda environment: /local/workdir/jcf236/snakemake_SRA_metadata_fetch/.snakemake/conda/84b3cd13
[Mon Jun  8 11:10:46 2020]
Finished job 4.
1 of 6 steps (17%) done

[Mon Jun  8 11:10:46 2020]
rule format_sra_table:
    input: metadata/SRR521286_sra_run_info.txt
    output: metadata/SRR521286_sra_run_metadata.txt
    jobid: 1
    wildcards: project=SRR521286

[Mon Jun  8 11:10:46 2020]
Finished job 1.
2 of 6 steps (33%) done

[Mon Jun  8 11:10:46 2020]
rule get_sra_table:
    output: metadata/SRR521288_sra_run_info.txt
    jobid: 5
    wildcards: project=SRR521288

Activating conda environment: /local/workdir/jcf236/snakemake_SRA_metadata_fetch/.snakemake/conda/84b3cd13
[Mon Jun  8 11:10:48 2020]
Finished job 5.
3 of 6 steps (50%) done

[Mon Jun  8 11:10:48 2020]
rule format_sra_table:
    input: metadata/SRR521288_sra_run_info.txt
    output: metadata/SRR521288_sra_run_metadata.txt
    jobid: 2
    wildcards: project=SRR521288

[Mon Jun  8 11:10:48 2020]
Finished job 2.
4 of 6 steps (67%) done

[Mon Jun  8 11:10:48 2020]
rule combine_sra_table:
    input: metadata/SRR521286_sra_run_metadata.txt, metadata/SRR521288_sra_run_metadata.txt
    output: metadata/merge.txt
    jobid: 3

[Mon Jun  8 11:10:48 2020]
Finished job 3.
5 of 6 steps (83%) done

[Mon Jun  8 11:10:48 2020]
localrule all:
    input: metadata/SRR521286_sra_run_metadata.txt, metadata/SRR521288_sra_run_metadata.txt, metadata/merge.txt
    jobid: 0

[Mon Jun  8 11:10:48 2020]
Finished job 0.
6 of 6 steps (100%) done
Complete log: /local/workdir/jcf236/snakemake_SRA_metadata_fetch/.snakemake/log/2020-06-08T105949.062201.snakemake.log
